<?xml version="1.0" encoding="UTF-8"?>
<!-- Generated by org.testng.reporters.JUnitXMLReporter -->
<testsuite hostname="DESKTOP-IILGG0H" ignored="3" name="TestngTests" tests="1" failures="1" timestamp="16 Mar 2020 18:50:35 GMT" time="271.16" errors="0">
  <testcase name="CarLookupPositive" time="20.858" classname="org.com.friday.carlookup.scripts.PositiveScenario">
    <failure type="org.openqa.selenium.NoSuchElementException" message="Unable to locate element: //button[@name=&amp;apos;model&amp;apos;]//label[text()=&amp;apos;TestModel&amp;apos;]
For documentation on this error, please visit: http://seleniumhq.org/exceptions/no_such_element.html
Build info: version: &amp;apos;3.5.3&amp;apos;, revision: &amp;apos;a88d25fe6b&amp;apos;, time: &amp;apos;2017-08-29T12:42:44.417Z&amp;apos;
System info: host: &amp;apos;DESKTOP-IILGG0H&amp;apos;, ip: &amp;apos;192.168.43.172&amp;apos;, os.name: &amp;apos;Windows 10&amp;apos;, os.arch: &amp;apos;amd64&amp;apos;, os.version: &amp;apos;10.0&amp;apos;, java.version: &amp;apos;1.8.0_191&amp;apos;
Driver info: org.openqa.selenium.firefox.FirefoxDriver
Capabilities [{moz:profile=C:\Users\abhishek\AppData\Local\Temp\rust_mozprofile49Sp0l, rotatable=false, moz:geckodriverVersion=0.26.0, timeouts={implicit=0, pageLoad=300000, script=30000}, pageLoadStrategy=normal, unhandledPromptBehavior=dismiss and notify, strictFileInteractability=false, moz:headless=false, platform=XP, moz:accessibilityChecks=false, moz:useNonSpecCompliantPointerOrigin=false, acceptInsecureCerts=false, browserVersion=73.0.1, moz:shutdownTimeout=60000, platformVersion=10.0, moz:processID=6900, browserName=firefox, moz:buildID=20200217142647, javascriptEnabled=true, platformName=XP, setWindowRect=true, moz:webdriverClick=true}]
Session ID: cc598bf2-289d-4101-a0f7-f557a616aa0a
*** Element info: {Using=xpath, value=//button[@name=&amp;apos;model&amp;apos;]//label[text()=&amp;apos;TestModel&amp;apos;]}">
      <![CDATA[org.openqa.selenium.NoSuchElementException: Unable to locate element: //button[@name='model']//label[text()='TestModel']
For documentation on this error, please visit: http://seleniumhq.org/exceptions/no_such_element.html
Build info: version: '3.5.3', revision: 'a88d25fe6b', time: '2017-08-29T12:42:44.417Z'
System info: host: 'DESKTOP-IILGG0H', ip: '192.168.43.172', os.name: 'Windows 10', os.arch: 'amd64', os.version: '10.0', java.version: '1.8.0_191'
Driver info: org.openqa.selenium.firefox.FirefoxDriver
Capabilities [{moz:profile=C:\Users\abhishek\AppData\Local\Temp\rust_mozprofile49Sp0l, rotatable=false, moz:geckodriverVersion=0.26.0, timeouts={implicit=0, pageLoad=300000, script=30000}, pageLoadStrategy=normal, unhandledPromptBehavior=dismiss and notify, strictFileInteractability=false, moz:headless=false, platform=XP, moz:accessibilityChecks=false, moz:useNonSpecCompliantPointerOrigin=false, acceptInsecureCerts=false, browserVersion=73.0.1, moz:shutdownTimeout=60000, platformVersion=10.0, moz:processID=6900, browserName=firefox, moz:buildID=20200217142647, javascriptEnabled=true, platformName=XP, setWindowRect=true, moz:webdriverClick=true}]
Session ID: cc598bf2-289d-4101-a0f7-f557a616aa0a
*** Element info: {Using=xpath, value=//button[@name='model']//label[text()='TestModel']}
	at org.openqa.selenium.remote.http.W3CHttpResponseCodec.createException(W3CHttpResponseCodec.java:185)
	at org.openqa.selenium.remote.http.W3CHttpResponseCodec.decode(W3CHttpResponseCodec.java:120)
	at org.openqa.selenium.remote.http.W3CHttpResponseCodec.decode(W3CHttpResponseCodec.java:49)
	at org.openqa.selenium.remote.HttpCommandExecutor.execute(HttpCommandExecutor.java:164)
	at org.openqa.selenium.remote.service.DriverCommandExecutor.execute(DriverCommandExecutor.java:82)
	at org.openqa.selenium.remote.RemoteWebDriver.execute(RemoteWebDriver.java:646)
	at org.openqa.selenium.remote.RemoteWebDriver.findElement(RemoteWebDriver.java:416)
	at org.openqa.selenium.remote.RemoteWebDriver.findElementByXPath(RemoteWebDriver.java:518)
	at org.openqa.selenium.By$ByXPath.findElement(By.java:361)
	at org.openqa.selenium.remote.RemoteWebDriver.findElement(RemoteWebDriver.java:408)
	at org.com.friday.carlookup.helper.CarInsuranceHelper.selectVehicle(CarInsuranceHelper.java:167)
	at org.com.friday.carlookup.scripts.PositiveScenario.CarLookupPositive(PositiveScenario.java:38)
... Removed 29 stack frames]]>
    </failure>
  </testcase> <!-- CarLookupPositive -->
  <testcase name="Negative_InvalidHSNTSN" time="0.0" classname="org.com.friday.carlookup.scripts.NegativeScenario">
    <ignored/>
  </testcase> <!-- Negative_InvalidHSNTSN -->
  <testcase name="Negative_Under18DOB" time="0.0" classname="org.com.friday.carlookup.scripts.NegativeScenario">
    <ignored/>
  </testcase> <!-- Negative_Under18DOB -->
  <testcase name="Negative_InvalidRegDate" time="0.0" classname="org.com.friday.carlookup.scripts.NegativeScenario">
    <ignored/>
  </testcase> <!-- Negative_InvalidRegDate -->
</testsuite> <!-- TestngTests -->
